<?xml version="1.0" encoding="UTF-8"?>
<!-- Generated by org.testng.reporters.JUnitReportReporter -->
<testsuite hostname="DESKTOP-7IDTCRC" failures="0" tests="4" name="com.SalesForceLoginTests.NegativeLoginTest" time="6.913" errors="0" timestamp="2022-02-20T18:14:08 EST" skipped="0">
  <testcase classname="com.SalesForceLoginTests.NegativeLoginTest" name="getTitleTest" time="0.034"/>
  <testcase classname="com.SalesForceLoginTests.NegativeLoginTest" name="userNameButton" time="0.557"/>
  <testcase classname="com.SalesForceLoginTests.NegativeLoginTest" name="passwordButton" time="6.037"/>
  <testcase classname="com.SalesForceLoginTests.NegativeLoginTest" name="signinButton" time="0.285"/>
</testsuite> <!-- com.SalesForceLoginTests.NegativeLoginTest -->
