<?xml version="1.0" encoding="UTF-8"?>
<!-- Generated by org.testng.reporters.JUnitReportReporter -->
<testsuite hostname="DESKTOP-7IDTCRC" failures="0" tests="1" name="com.SalesForce.DummyClass" time="0.030" errors="0" timestamp="2022-02-17T19:01:52 EST" skipped="0">
  <testcase classname="com.SalesForce.DummyClass" name="LoginTest" time="0.030"/>
</testsuite> <!-- com.SalesForce.DummyClass -->
